<?xml version="1.0" encoding="UTF-8"?>
<!-- Generated by org.testng.reporters.JUnitXMLReporter -->
<testsuite ignored="2" hostname="DESKTOP-1U98UGP" failures="0" tests="5" name="Default test" time="113.221" errors="0" timestamp="2022-07-30T13:56:35 IST">
  <testcase classname="com.crm.qa.testcases.ContactsPageTest" name="validateCreateNewContact" time="7.151"/>
  <testcase classname="com.crm.qa.testcases.ContactsPageTest" name="validateCreateNewContact" time="7.958"/>
  <testcase classname="com.crm.qa.testcases.ContactsPageTest" name="validateCreateNewContact" time="6.569"/>
  <testcase classname="com.crm.qa.testcases.ContactsPageTest" name="validateCreateNewContact" time="6.41"/>
  <testcase classname="com.crm.qa.testcases.ContactsPageTest" name="validateCreateNewContact" time="6.945"/>
  <testcase classname="com.crm.qa.testcases.ContactsPageTest" name="verifyContactFirstNameTest" time="0.0">
    <ignored/>
  </testcase> <!-- verifyContactFirstNameTest -->
  <testcase classname="com.crm.qa.testcases.ContactsPageTest" name="verifyFirstnamesendkeysTest" time="0.0">
    <ignored/>
  </testcase> <!-- verifyFirstnamesendkeysTest -->
</testsuite> <!-- Default test -->
