<?xml version="1.0" encoding="UTF-8"?>
<!-- Generated by org.testng.reporters.JUnitXMLReporter -->
<testsuite ignored="0" hostname="DESKTOP-1U98UGP" failures="1" tests="7" name="Free CRM APP Test" time="78.216" errors="0" timestamp="2022-07-30T11:16:08 IST">
  <testcase classname="com.crm.qa.testcases.LoginPageTest" name="loginPageTitleTest" time="0.028">
    <failure type="java.lang.AssertionError" message="expected [Free CRM PRO] but found [Cogmento CRM]">
      <![CDATA[java.lang.AssertionError: expected [Free CRM PRO] but found [Cogmento CRM]
at com.crm.qa.testcases.LoginPageTest.loginPageTitleTest(LoginPageTest.java:32)
at java.base/java.util.ArrayList.forEach(ArrayList.java:1511)
... Removed 33 stack frames]]>
    </failure>
  </testcase> <!-- loginPageTitleTest -->
  <testcase classname="com.crm.qa.testcases.LoginPageTest" name="loginTest" time="1.008"/>
  <testcase classname="com.crm.qa.testcases.HomePageTest" name="verifyHomePageTitleTest" time="0.012"/>
  <testcase classname="com.crm.qa.testcases.HomePageTest" name="verifyUsernameTest" time="1.493"/>
  <testcase classname="com.crm.qa.testcases.HomePageTest" name="verifyContactsLinkTest" time="4.109"/>
  <testcase classname="com.crm.qa.testcases.ContactsPageTest" name="verifyContactFirstNameTest" time="0.135"/>
  <testcase classname="com.crm.qa.testcases.ContactsPageTest" name="verifyFirstnamesendkeysTest" time="1.642"/>
</testsuite> <!-- Free CRM APP Test -->
